# JRE version: Java(TM) SE Runtime Environment (13.0.1+9) (build 13.0.1+9)
# Java VM: Java HotSpot(TM) 64-Bit Server VM (13.0.1+9, mixed mode, sharing, tiered, compressed oops, g1 gc, windows-amd64)
Heap:
 garbage-first heap   total 77824K, used 51297K [0x00000000a0000000, 0x0000000100000000)
  region size 1024K, 32 young (32768K), 4 survivors (4096K)
 Metaspace       used 45614K, capacity 46586K, committed 46720K, reserved 1089536K
  class space    used 5828K, capacity 6219K, committed 6272K, reserved 1048576K
GC Heap History (20 events):
Event: 3.501 GC heap after
{Heap after GC invocations=6 (full 0):
 garbage-first heap   total 118784K, used 11011K [0x00000000a0000000, 0x0000000100000000)
  region size 1024K, 5 young (5120K), 5 survivors (5120K)
 Metaspace       used 20616K, capacity 21156K, committed 21248K, reserved 1067008K
  class space    used 2526K, capacity 2741K, committed 2816K, reserved 1048576K
}
Event: 4.141 GC heap before
{Heap before GC invocations=7 (full 0):
 garbage-first heap   total 45056K, used 32515K [0x00000000a0000000, 0x0000000100000000)
  region size 1024K, 26 young (26624K), 5 survivors (5120K)
 Metaspace       used 21602K, capacity 22245K, committed 22400K, reserved 1069056K
  class space    used 2659K, capacity 2907K, committed 2944K, reserved 1048576K
}
Event: 4.167 GC heap after
{Heap after GC invocations=8 (full 0):
 garbage-first heap   total 45056K, used 12725K [0x00000000a0000000, 0x0000000100000000)
  region size 1024K, 3 young (3072K), 3 survivors (3072K)
 Metaspace       used 21602K, capacity 22245K, committed 22400K, reserved 1069056K
  class space    used 2659K, capacity 2907K, committed 2944K, reserved 1048576K
}
Event: 4.948 GC heap before
{Heap before GC invocations=8 (full 0):
 garbage-first heap   total 45056K, used 33205K [0x00000000a0000000, 0x0000000100000000)
  region size 1024K, 23 young (23552K), 3 survivors (3072K)
 Metaspace       used 23909K, capacity 24556K, committed 24832K, reserved 1071104K
  class space    used 2970K, capacity 3226K, committed 3328K, reserved 1048576K
}
Event: 4.964 GC heap after
{Heap after GC invocations=9 (full 0):
 garbage-first heap   total 45056K, used 14227K [0x00000000a0000000, 0x0000000100000000)
  region size 1024K, 3 young (3072K), 3 survivors (3072K)
 Metaspace       used 23909K, capacity 24556K, committed 24832K, reserved 1071104K
  class space    used 2970K, capacity 3226K, committed 3328K, reserved 1048576K
}
Event: 5.649 GC heap before
{Heap before GC invocations=9 (full 0):
 garbage-first heap   total 45056K, used 32659K [0x00000000a0000000, 0x0000000100000000)
  region size 1024K, 21 young (21504K), 3 survivors (3072K)
 Metaspace       used 25818K, capacity 26512K, committed 26624K, reserved 1073152K
  class space    used 3200K, capacity 3490K, committed 3584K, reserved 1048576K
}
Event: 5.666 GC heap after
{Heap after GC invocations=10 (full 0):
 garbage-first heap   total 60416K, used 15329K [0x00000000a0000000, 0x0000000100000000)
  region size 1024K, 3 young (3072K), 3 survivors (3072K)
 Metaspace       used 25818K, capacity 26512K, committed 26624K, reserved 1073152K
  class space    used 3200K, capacity 3490K, committed 3584K, reserved 1048576K
}
Event: 6.599 GC heap before
{Heap before GC invocations=10 (full 0):
 garbage-first heap   total 60416K, used 39905K [0x00000000a0000000, 0x0000000100000000)
  region size 1024K, 27 young (27648K), 3 survivors (3072K)
 Metaspace       used 28369K, capacity 29242K, committed 29568K, reserved 1075200K
  class space    used 3537K, capacity 3880K, committed 3968K, reserved 1048576K
}
Event: 6.629 GC heap after
{Heap after GC invocations=11 (full 0):
 garbage-first heap   total 60416K, used 16962K [0x00000000a0000000, 0x0000000100000000)
  region size 1024K, 4 young (4096K), 4 survivors (4096K)
 Metaspace       used 28369K, capacity 29242K, committed 29568K, reserved 1075200K
  class space    used 3537K, capacity 3880K, committed 3968K, reserved 1048576K
}
Event: 7.599 GC heap before
{Heap before GC invocations=11 (full 0):
 garbage-first heap   total 60416K, used 40514K [0x00000000a0000000, 0x0000000100000000)
  region size 1024K, 28 young (28672K), 4 survivors (4096K)
 Metaspace       used 31044K, capacity 31917K, committed 32128K, reserved 1077248K
  class space    used 3824K, capacity 4193K, committed 4224K, reserved 1048576K
}
Event: 7.621 GC heap after
{Heap after GC invocations=12 (full 0):
 garbage-first heap   total 60416K, used 18435K [0x00000000a0000000, 0x0000000100000000)
  region size 1024K, 4 young (4096K), 4 survivors (4096K)
 Metaspace       used 31044K, capacity 31917K, committed 32128K, reserved 1077248K
  class space    used 3824K, capacity 4193K, committed 4224K, reserved 1048576K
}
Event: 7.644 GC heap before
{Heap before GC invocations=12 (full 0):
 garbage-first heap   total 60416K, used 41987K [0x00000000a0000000, 0x0000000100000000)
  region size 1024K, 28 young (28672K), 4 survivors (4096K)
 Metaspace       used 31044K, capacity 31917K, committed 32128K, reserved 1077248K
  class space    used 3824K, capacity 4193K, committed 4224K, reserved 1048576K
}
Event: 7.658 GC heap after
{Heap after GC invocations=13 (full 0):
 garbage-first heap   total 60416K, used 18556K [0x00000000a0000000, 0x0000000100000000)
  region size 1024K, 2 young (2048K), 2 survivors (2048K)
 Metaspace       used 31044K, capacity 31917K, committed 32128K, reserved 1077248K
  class space    used 3824K, capacity 4193K, committed 4224K, reserved 1048576K
}
Event: 8.397 GC heap before
{Heap before GC invocations=13 (full 0):
 garbage-first heap   total 60416K, used 43132K [0x00000000a0000000, 0x0000000100000000)
  region size 1024K, 27 young (27648K), 2 survivors (2048K)
 Metaspace       used 34294K, capacity 35222K, committed 35584K, reserved 1081344K
  class space    used 4148K, capacity 4485K, committed 4608K, reserved 1048576K
}
Event: 8.407 GC heap after
{Heap after GC invocations=14 (full 0):
 garbage-first heap   total 77824K, used 19603K [0x00000000a0000000, 0x0000000100000000)
  region size 1024K, 3 young (3072K), 3 survivors (3072K)
 Metaspace       used 34294K, capacity 35222K, committed 35584K, reserved 1081344K
  class space    used 4148K, capacity 4485K, committed 4608K, reserved 1048576K
}
Event: 8.487 GC heap before
{Heap before GC invocations=14 (full 0):
 garbage-first heap   total 77824K, used 20627K [0x00000000a0000000, 0x0000000100000000)
  region size 1024K, 5 young (5120K), 3 survivors (3072K)
 Metaspace       used 34760K, capacity 35702K, committed 35840K, reserved 1081344K
  class space    used 4179K, capacity 4517K, committed 4608K, reserved 1048576K
}
Event: 8.498 GC heap after
{Heap after GC invocations=15 (full 0):
 garbage-first heap   total 77824K, used 20672K [0x00000000a0000000, 0x0000000100000000)
  region size 1024K, 4 young (4096K), 4 survivors (4096K)
 Metaspace       used 34760K, capacity 35702K, committed 35840K, reserved 1081344K
  class space    used 4179K, capacity 4517K, committed 4608K, reserved 1048576K
}
Event: 9.477 GC heap before
{Heap before GC invocations=16 (full 0):
 garbage-first heap   total 77824K, used 49344K [0x00000000a0000000, 0x0000000100000000)
  region size 1024K, 32 young (32768K), 4 survivors (4096K)
 Metaspace       used 40759K, capacity 41727K, committed 41984K, reserved 1085440K
  class space    used 5183K, capacity 5561K, committed 5632K, reserved 1048576K
}
Event: 9.495 GC heap after
{Heap after GC invocations=17 (full 0):
 garbage-first heap   total 77824K, used 22625K [0x00000000a0000000, 0x0000000100000000)
  region size 1024K, 4 young (4096K), 4 survivors (4096K)
 Metaspace       used 40759K, capacity 41727K, committed 41984K, reserved 1085440K
  class space    used 5183K, capacity 5561K, committed 5632K, reserved 1048576K
}
Event: 10.347 GC heap before
{Heap before GC invocations=18 (full 0):
 garbage-first heap   total 77824K, used 51297K [0x00000000a0000000, 0x0000000100000000)
  region size 1024K, 32 young (32768K), 4 survivors (4096K)
 Metaspace       used 45614K, capacity 46586K, committed 46720K, reserved 1089536K
  class space    used 5828K, capacity 6219K, committed 6272K, reserved 1048576K
}

